{"name": "test_products_group", "status": "skipped", "statusDetails": {"message": "XFAIL Wait for fix bug\n\nselenium.common.exceptions.ElementClickInterceptedException: Message: element click intercepted: Element <a href=\"https://testqastudio.me?products_group=sale\" class=\"tab-sale \">...</a> is not clickable at point (708, 738). Other element would receive the click: <div class=\"catalog-toolbar-tabs__content\">...</div>\n  (Session info: chrome=119.0.6045.199)\nStacktrace:\n\tGetHandleVerifier [0x00007FF6105C82B2+55298]\n\t(No symbol) [0x00007FF610535E02]\n\t(No symbol) [0x00007FF6103F05AB]\n\t(No symbol) [0x00007FF610437A77]\n\t(No symbol) [0x00007FF610435E39]\n\t(No symbol) [0x00007FF610433C08]\n\t(No symbol) [0x00007FF610432C8A]\n\t(No symbol) [0x00007FF6104287BF]\n\t(No symbol) [0x00007FF6104520AA]\n\t(No symbol) [0x00007FF6104280CF]\n\t(No symbol) [0x00007FF6104522C0]\n\t(No symbol) [0x00007FF61046AAA4]\n\t(No symbol) [0x00007FF610451E83]\n\t(No symbol) [0x00007FF61042670A]\n\t(No symbol) [0x00007FF610427964]\n\tGetHandleVerifier [0x00007FF610940AAB+3694587]\n\tGetHandleVerifier [0x00007FF61099728E+4048862]\n\tGetHandleVerifier [0x00007FF61098F173+4015811]\n\tGetHandleVerifier [0x00007FF6106647D6+695590]\n\t(No symbol) [0x00007FF610540CE8]\n\t(No symbol) [0x00007FF61053CF34]\n\t(No symbol) [0x00007FF61053D062]\n\t(No symbol) [0x00007FF61052D3A3]\n\tBaseThreadInitThunk [0x00007FFF7D4C7344+20]\n\tRtlUserThreadStart [0x00007FFF7E8A26B1+33]", "trace": "selenium.qa.studio-main\\tests\\test_shop.py:48: in test_products_group\n    element.click()\n        browser    = <selenium.webdriver.chrome.webdriver.WebDriver (session=\"1d935a713f35bc11eca69ec60cf65439\")>\n        element    = <selenium.webdriver.remote.webelement.WebElement (session=\"1d935a713f35bc11eca69ec60cf65439\", element=\"F765BEDF94C245D40E8BDEA71C712F04_element_84\")>\n        elements   = [<selenium.webdriver.remote.webelement.WebElement (session=\"1d935a713f35bc11eca69ec60cf65439\", element=\"D1596E809E10FF...lement.WebElement (session=\"1d935a713f35bc11eca69ec60cf65439\", element=\"D1596E809E10FF48D4D8FF8086E231B9_element_35\")>]\n        expected_menu = [('Все', '', \"[class='tab-all active']\"), ('Бестселлеры', '/?products_group=best_sellers', \"[class='tab-best_sellers '... '/?products_group=new', \"[class='tab-new ']\"), ('Распродажа товаров', '/?products_group=sale', \"[class='tab-sale ']\")]\n        item       = ('Распродажа товаров', '/?products_group=sale', \"[class='tab-sale ']\")\n        menu_element = \"[class='catalog-toolbar-tabs__content'] a\"\n..\\..\\..\\..\\AppData\\Local\\Programs\\Python\\Python312\\Lib\\site-packages\\selenium\\webdriver\\remote\\webelement.py:93: in click\n    self._execute(Command.CLICK_ELEMENT)\n        self       = <selenium.webdriver.remote.webelement.WebElement (session=\"1d935a713f35bc11eca69ec60cf65439\", element=\"F765BEDF94C245D40E8BDEA71C712F04_element_84\")>\n..\\..\\..\\..\\AppData\\Local\\Programs\\Python\\Python312\\Lib\\site-packages\\selenium\\webdriver\\remote\\webelement.py:394: in _execute\n    return self._parent.execute(command, params)\n        command    = 'clickElement'\n        params     = {'id': 'F765BEDF94C245D40E8BDEA71C712F04_element_84'}\n        self       = <selenium.webdriver.remote.webelement.WebElement (session=\"1d935a713f35bc11eca69ec60cf65439\", element=\"F765BEDF94C245D40E8BDEA71C712F04_element_84\")>\n..\\..\\..\\..\\AppData\\Local\\Programs\\Python\\Python312\\Lib\\site-packages\\selenium\\webdriver\\remote\\webdriver.py:347: in execute\n    self.error_handler.check_response(response)\n        driver_command = 'clickElement'\n        params     = {}\n        response   = {'status': 400, 'value': '{\"value\":{\"error\":\"element click intercepted\",\"message\":\"element click intercepted: Element ...07FF61052D3A3]\\\\n\\\\tBaseThreadInitThunk [0x00007FFF7D4C7344+20]\\\\n\\\\tRtlUserThreadStart [0x00007FFF7E8A26B1+33]\\\\n\"}}'}\n        self       = <selenium.webdriver.chrome.webdriver.WebDriver (session=\"1d935a713f35bc11eca69ec60cf65439\")>\n..\\..\\..\\..\\AppData\\Local\\Programs\\Python\\Python312\\Lib\\site-packages\\selenium\\webdriver\\remote\\errorhandler.py:229: in check_response\n    raise exception_class(message, screen, stacktrace)\nE   selenium.common.exceptions.ElementClickInterceptedException: Message: element click intercepted: Element <a href=\"https://testqastudio.me?products_group=sale\" class=\"tab-sale \">...</a> is not clickable at point (708, 738). Other element would receive the click: <div class=\"catalog-toolbar-tabs__content\">...</div>\nE     (Session info: chrome=119.0.6045.199)\nE   Stacktrace:\nE   \tGetHandleVerifier [0x00007FF6105C82B2+55298]\nE   \t(No symbol) [0x00007FF610535E02]\nE   \t(No symbol) [0x00007FF6103F05AB]\nE   \t(No symbol) [0x00007FF610437A77]\nE   \t(No symbol) [0x00007FF610435E39]\nE   \t(No symbol) [0x00007FF610433C08]\nE   \t(No symbol) [0x00007FF610432C8A]\nE   \t(No symbol) [0x00007FF6104287BF]\nE   \t(No symbol) [0x00007FF6104520AA]\nE   \t(No symbol) [0x00007FF6104280CF]\nE   \t(No symbol) [0x00007FF6104522C0]\nE   \t(No symbol) [0x00007FF61046AAA4]\nE   \t(No symbol) [0x00007FF610451E83]\nE   \t(No symbol) [0x00007FF61042670A]\nE   \t(No symbol) [0x00007FF610427964]\nE   \tGetHandleVerifier [0x00007FF610940AAB+3694587]\nE   \tGetHandleVerifier [0x00007FF61099728E+4048862]\nE   \tGetHandleVerifier [0x00007FF61098F173+4015811]\nE   \tGetHandleVerifier [0x00007FF6106647D6+695590]\nE   \t(No symbol) [0x00007FF610540CE8]\nE   \t(No symbol) [0x00007FF61053CF34]\nE   \t(No symbol) [0x00007FF61053D062]\nE   \t(No symbol) [0x00007FF61052D3A3]\nE   \tBaseThreadInitThunk [0x00007FFF7D4C7344+20]\nE   \tRtlUserThreadStart [0x00007FFF7E8A26B1+33]\n        e          = <selenium.webdriver.remote.errorhandler.ErrorCode object at 0x00000152DC8CEE40>\n        error_code = 'ELEMENT_CLICK_INTERCEPTED'\n        error_codes = ['ELEMENT_CLICK_INTERCEPTED', 'ELEMENT_IS_NOT_SELECTABLE', 'ELEMENT_NOT_INTERACTABLE', 'ELEMENT_NOT_VISIBLE', 'IME_ENGINE_ACTIVATION_FAILED', 'IME_NOT_AVAILABLE', ...]\n        error_info = [64, 'element click intercepted']\n        exception_class = <class 'selenium.common.exceptions.ElementClickInterceptedException'>\n        json       = <module 'json' from 'C:\\\\Users\\\\vlada\\\\AppData\\\\Local\\\\Programs\\\\Python\\\\Python312\\\\Lib\\\\json\\\\__init__.py'>\n        message    = 'element click intercepted: Element <a href=\"https://testqastudio.me?products_group=sale\" class=\"tab-sale \">...</a> is...would receive the click: <div class=\"catalog-toolbar-tabs__content\">...</div>\\n  (Session info: chrome=119.0.6045.199)'\n        response   = {'status': 400, 'value': '{\"value\":{\"error\":\"element click intercepted\",\"message\":\"element click intercepted: Element ...07FF61052D3A3]\\\\n\\\\tBaseThreadInitThunk [0x00007FFF7D4C7344+20]\\\\n\\\\tRtlUserThreadStart [0x00007FFF7E8A26B1+33]\\\\n\"}}'}\n        screen     = None\n        self       = <selenium.webdriver.remote.errorhandler.ErrorHandler object at 0x00000152DC920AD0>\n        st_value   = '\\tGetHandleVerifier [0x00007FF6105C82B2+55298]\\n\\t(No symbol) [0x00007FF610535E02]\\n\\t(No symbol) [0x00007FF6103F05AB...l) [0x00007FF61052D3A3]\\n\\tBaseThreadInitThunk [0x00007FFF7D4C7344+20]\\n\\tRtlUserThreadStart [0x00007FFF7E8A26B1+33]\\n'\n        stacktrace = ['\\tGetHandleVerifier [0x00007FF6105C82B2+55298]', '\\t(No symbol) [0x00007FF610535E02]', '\\t(No symbol) [0x00007FF6103... '\\t(No symbol) [0x00007FF610437A77]', '\\t(No symbol) [0x00007FF610435E39]', '\\t(No symbol) [0x00007FF610433C08]', ...]\n        status     = 'element click intercepted'\n        value      = {'error': 'element click intercepted', 'message': 'element click intercepted: Element <a href=\"https://testqastudio.me...) [0x00007FF61052D3A3]\\n\\tBaseThreadInitThunk [0x00007FFF7D4C7344+20]\\n\\tRtlUserThreadStart [0x00007FFF7E8A26B1+33]\\n'}\n        value_json = '{\"value\":{\"error\":\"element click intercepted\",\"message\":\"element click intercepted: Element \\\\u003Ca href=\\\\\"https://...007FF61052D3A3]\\\\n\\\\tBaseThreadInitThunk [0x00007FFF7D4C7344+20]\\\\n\\\\tRtlUserThreadStart [0x00007FFF7E8A26B1+33]\\\\n\"}}'"}, "description": "\n    Test case TC-2\n    ", "start": 1701521262352, "stop": 1701521269952, "uuid": "10716ab6-fa5e-4f2c-bc80-46d94c7ac0ab", "historyId": "bc6029a262990064045245033dafe35a", "testCaseId": "bc6029a262990064045245033dafe35a", "fullName": "selenium.qa.studio-main.tests.test_shop#test_products_group", "labels": [{"name": "tag", "value": "@pytest.mark.xfail(reason='Wait for fix bug')"}, {"name": "parentSuite", "value": "selenium.qa.studio-main.tests"}, {"name": "suite", "value": "test_shop"}, {"name": "host", "value": "LAPTOP-B7CSQP7V"}, {"name": "thread", "value": "19276-MainThread"}, {"name": "framework", "value": "pytest"}, {"name": "language", "value": "cpython3"}, {"name": "package", "value": "selenium.qa.studio-main.tests.test_shop"}]}